<component name="libraryTable">
  <library name="junit:junit:4.12" type="repository">
    <properties include-transitive-deps="false" maven-id="junit:junit:4.10" />
    <CLASSES>
      <root url="jar://$MAVEN_REPOSITORY$/junit/junit/4.10/junit-4.10.jar!/" />
    </CLASSES>
    <JAVADOC />
    <SOURCES />
  </library>
</component>